2025-04-25 11:59:13:5913 [31merror[39m: [31mRedis Client Error[39m
2025-04-25 11:59:14:5914 [31merror[39m: [31mRedis Client Error[39m
2025-04-25 11:59:14:5914 [31merror[39m: [31mRedis Client Error[39m
2025-04-25 11:59:14:5914 [31merror[39m: [31mRedis Client Error[39m
2025-04-25 11:59:14:5914 [31merror[39m: [31mRedis Client Error[39m
2025-04-25 11:59:14:5914 [31merror[39m: [31mRedis Client Error[39m
2025-04-25 11:59:14:5914 [31merror[39m: [31mRedis Client Error[39m
2025-04-25 11:59:15:5915 [31merror[39m: [31mRedis Client Error[39m
2025-04-25 11:59:15:5915 [31merror[39m: [31mRedis Client Error[39m
2025-04-25 11:59:15:5915 [31merror[39m: [31mRedis Client Error[39m
2025-04-25 11:59:16:5916 [31merror[39m: [31mRedis Client Error[39m
2025-04-25 11:59:16:5916 [31merror[39m: [31mRedis Client Error[39m
2025-04-25 11:59:17:5917 [31merror[39m: [31mRedis Client Error[39m
2025-04-25 11:59:17:5917 [31merror[39m: [31mRedis Client Error[39m
2025-04-25 11:59:18:5918 [31merror[39m: [31mRedis Client Error[39m
2025-04-25 11:59:18:5918 [31merror[39m: [31mRedis Client Error[39m
2025-04-25 11:59:19:5919 [31merror[39m: [31mRedis Client Error[39m
2025-04-25 11:59:19:5919 [31merror[39m: [31mRedis Client Error[39m
2025-04-25 11:59:20:5920 [31merror[39m: [31mRedis Client Error[39m
2025-04-25 11:59:20:5920 [31merror[39m: [31mRedis Client Error[39m
2025-04-25 11:59:21:5921 [31merror[39m: [31mRedis Client Error[39m
2025-04-25 11:59:22:5922 [31merror[39m: [31mRedis Client Error[39m
2025-04-25 11:59:22:5922 [31merror[39m: [31mRedis Client Error[39m
2025-04-25 11:59:23:5923 [31merror[39m: [31mRedis Client Error[39m
2025-04-25 11:59:23:5923 [31merror[39m: [31mRedis Client Error[39m
2025-04-25 11:59:24:5924 [31merror[39m: [31mRedis Client Error[39m
2025-04-25 11:59:24:5924 [31merror[39m: [31mRedis Client Error[39m
2025-04-25 11:59:25:5925 [31merror[39m: [31mRedis Client Error[39m
2025-04-25 11:59:25:5925 [31merror[39m: [31mRedis Client Error[39m
2025-04-25 11:59:26:5926 [31merror[39m: [31mRedis Client Error[39m
2025-04-25 11:59:26:5926 [31merror[39m: [31mRedis Client Error[39m
2025-04-25 11:59:27:5927 [31merror[39m: [31mRedis Client Error[39m
2025-04-25 11:59:27:5927 [31merror[39m: [31mRedis Client Error[39m
2025-04-25 11:59:28:5928 [31merror[39m: [31mRedis Client Error[39m
2025-04-25 11:59:28:5928 [31merror[39m: [31mRedis Client Error[39m
2025-04-25 11:59:29:5929 [31merror[39m: [31mRedis Client Error[39m
2025-04-25 11:59:29:5929 [31merror[39m: [31mRedis Client Error[39m
2025-04-25 11:59:30:5930 [31merror[39m: [31mRedis Client Error[39m
2025-04-25 11:59:30:5930 [31merror[39m: [31mRedis Client Error[39m
2025-04-25 11:59:31:5931 [31merror[39m: [31mRedis Client Error[39m
2025-04-25 11:59:31:5931 [31merror[39m: [31mRedis Client Error[39m
2025-04-25 11:59:32:5932 [31merror[39m: [31mRedis Client Error[39m
2025-04-25 11:59:32:5932 [31merror[39m: [31mRedis Client Error[39m
2025-04-25 11:59:33:5933 [31merror[39m: [31mRedis Client Error[39m
2025-04-25 11:59:33:5933 [31merror[39m: [31mRedis Client Error[39m
2025-04-25 11:59:34:5934 [31merror[39m: [31mRedis Client Error[39m
2025-04-25 11:59:34:5934 [31merror[39m: [31mRedis Client Error[39m
2025-04-25 11:59:35:5935 [31merror[39m: [31mRedis Client Error[39m
2025-04-25 11:59:35:5935 [31merror[39m: [31mRedis Client Error[39m
2025-04-25 11:59:36:5936 [31merror[39m: [31mRedis Client Error[39m
2025-04-25 11:59:36:5936 [31merror[39m: [31mRedis Client Error[39m
2025-04-25 11:59:37:5937 [31merror[39m: [31mRedis Client Error[39m
2025-04-25 11:59:37:5937 [31merror[39m: [31mRedis Client Error[39m
2025-04-25 11:59:38:5938 [31merror[39m: [31mRedis Client Error[39m
2025-04-25 11:59:38:5938 [31merror[39m: [31mRedis Client Error[39m
2025-04-25 11:59:39:5939 [31merror[39m: [31mRedis Client Error[39m
2025-04-25 11:59:39:5939 [31merror[39m: [31mRedis Client Error[39m
2025-04-25 11:59:40:5940 [31merror[39m: [31mRedis Client Error[39m
2025-04-25 11:59:40:5940 [31merror[39m: [31mRedis Client Error[39m
2025-04-25 11:59:41:5941 [31merror[39m: [31mRedis Client Error[39m
2025-04-25 11:59:42:5942 [31merror[39m: [31mRedis Client Error[39m
2025-04-25 11:59:42:5942 [31merror[39m: [31mRedis Client Error[39m
2025-04-25 11:59:43:5943 [31merror[39m: [31mRedis Client Error[39m
2025-04-25 11:59:43:5943 [31merror[39m: [31mRedis Client Error[39m
2025-04-25 11:59:44:5944 [31merror[39m: [31mRedis Client Error[39m
2025-04-25 11:59:44:5944 [31merror[39m: [31mRedis Client Error[39m
2025-04-25 11:59:45:5945 [31merror[39m: [31mRedis Client Error[39m
2025-04-25 11:59:45:5945 [31merror[39m: [31mRedis Client Error[39m
2025-04-25 11:59:46:5946 [31merror[39m: [31mRedis Client Error[39m
2025-04-25 11:59:46:5946 [31merror[39m: [31mRedis Client Error[39m
2025-04-25 11:59:47:5947 [31merror[39m: [31mRedis Client Error[39m
2025-04-25 11:59:47:5947 [31merror[39m: [31mRedis Client Error[39m
2025-04-25 11:59:48:5948 [31merror[39m: [31mRedis Client Error[39m
2025-04-25 11:59:48:5948 [31merror[39m: [31mRedis Client Error[39m
2025-04-25 11:59:49:5949 [31merror[39m: [31mRedis Client Error[39m
2025-04-25 11:59:49:5949 [31merror[39m: [31mRedis Client Error[39m
2025-04-25 11:59:50:5950 [31merror[39m: [31mRedis Client Error[39m
2025-04-25 11:59:50:5950 [31merror[39m: [31mRedis Client Error[39m
2025-04-25 11:59:51:5951 [31merror[39m: [31mRedis Client Error[39m
2025-04-25 11:59:51:5951 [31merror[39m: [31mRedis Client Error[39m
2025-04-25 11:59:52:5952 [31merror[39m: [31mRedis Client Error[39m
2025-04-25 11:59:52:5952 [31merror[39m: [31mRedis Client Error[39m
2025-04-25 11:59:53:5953 [31merror[39m: [31mRedis Client Error[39m
2025-04-25 11:59:53:5953 [31merror[39m: [31mRedis Client Error[39m
2025-04-25 11:59:54:5954 [31merror[39m: [31mRedis Client Error[39m
2025-04-25 11:59:54:5954 [31merror[39m: [31mRedis Client Error[39m
2025-04-25 11:59:55:5955 [31merror[39m: [31mRedis Client Error[39m
2025-04-25 11:59:55:5955 [31merror[39m: [31mRedis Client Error[39m
2025-04-25 11:59:56:5956 [31merror[39m: [31mRedis Client Error[39m
2025-04-25 11:59:56:5956 [31merror[39m: [31mRedis Client Error[39m
2025-04-25 11:59:57:5957 [31merror[39m: [31mRedis Client Error[39m
2025-04-25 11:59:57:5957 [31merror[39m: [31mRedis Client Error[39m
2025-04-25 11:59:58:5958 [31merror[39m: [31mRedis Client Error[39m
2025-04-25 11:59:58:5958 [31merror[39m: [31mRedis Client Error[39m
2025-04-25 11:59:59:5959 [31merror[39m: [31mRedis Client Error[39m
2025-04-25 11:59:59:5959 [31merror[39m: [31mRedis Client Error[39m
2025-04-25 12:00:00:00 [31merror[39m: [31mRedis Client Error[39m
2025-04-25 12:00:01:01 [31merror[39m: [31mRedis Client Error[39m
2025-04-25 12:00:02:02 [31merror[39m: [31mRedis Client Error:[39m
2025-04-25 12:00:02:02 [33mwarn[39m: [33mRedis Client Reconnecting...[39m
2025-04-25 12:00:02:02 [31merror[39m: [31mRedis Client Error:[39m
2025-04-25 12:00:02:02 [33mwarn[39m: [33mRedis Client Reconnecting...[39m
2025-04-25 12:00:02:02 [31merror[39m: [31mRedis Client Error:[39m
2025-04-25 12:00:02:02 [33mwarn[39m: [33mRedis Client Reconnecting...[39m
2025-04-25 12:00:02:02 [31merror[39m: [31mRedis Client Error:[39m
2025-04-25 12:00:02:02 [33mwarn[39m: [33mRedis Client Reconnecting...[39m
2025-04-25 12:00:02:02 [31merror[39m: [31mRedis Client Error:[39m
2025-04-25 12:00:03:03 [33mwarn[39m: [33mRedis Client Reconnecting...[39m
2025-04-25 12:00:03:03 [31merror[39m: [31mRedis Client Error:[39m
2025-04-25 12:00:03:03 [33mwarn[39m: [33mRedis Client Reconnecting...[39m
2025-04-25 12:00:03:03 [31merror[39m: [31mRedis Client Error:[39m
2025-04-25 12:00:04:04 [33mwarn[39m: [33mRedis Client Reconnecting...[39m
2025-04-25 12:00:04:04 [31merror[39m: [31mRedis Client Error:[39m
2025-04-25 12:00:05:05 [33mwarn[39m: [33mRedis Client Reconnecting...[39m
2025-04-25 12:00:05:05 [31merror[39m: [31mRedis Client Error:[39m
2025-04-25 12:00:05:05 [33mwarn[39m: [33mRedis Client Reconnecting...[39m
2025-04-25 12:00:05:05 [31merror[39m: [31mRedis Client Error:[39m
2025-04-25 12:00:06:06 [33mwarn[39m: [33mRedis Client Reconnecting...[39m
2025-04-25 12:00:06:06 [31merror[39m: [31mRedis Client Error:[39m
2025-04-25 12:00:07:07 [33mwarn[39m: [33mRedis Client Reconnecting...[39m
2025-04-25 12:00:07:07 [31merror[39m: [31mRedis: Máximo número de intentos de reconexión alcanzado[39m
2025-04-25 12:00:07:07 [31merror[39m: [31mRedis Client Error:[39m
2025-04-25 12:00:07:07 [31merror[39m: [31mRedis Connection Error: Máximo número de intentos de reconexión alcanzado[39m
2025-04-25 12:00:07:07 [31merror[39m: [31mError inicial conectando a Redis: Máximo número de intentos de reconexión alcanzado[39m
2025-04-25 12:00:22:022 [31merror[39m: [31mRedis Client Error:[39m
2025-04-25 12:00:22:022 [33mwarn[39m: [33mRedis Client Reconnecting...[39m
2025-04-25 12:00:22:022 [31merror[39m: [31mRedis Client Error:[39m
2025-04-25 12:00:22:022 [33mwarn[39m: [33mRedis Client Reconnecting...[39m
2025-04-25 12:00:22:022 [31merror[39m: [31mRedis Client Error:[39m
2025-04-25 12:00:22:022 [33mwarn[39m: [33mRedis Client Reconnecting...[39m
2025-04-25 12:00:22:022 [31merror[39m: [31mRedis Client Error:[39m
2025-04-25 12:00:23:023 [33mwarn[39m: [33mRedis Client Reconnecting...[39m
2025-04-25 12:00:23:023 [31merror[39m: [31mRedis Client Error:[39m
2025-04-25 12:00:23:023 [33mwarn[39m: [33mRedis Client Reconnecting...[39m
2025-04-25 12:00:23:023 [31merror[39m: [31mRedis Client Error:[39m
2025-04-25 12:00:23:023 [33mwarn[39m: [33mRedis Client Reconnecting...[39m
2025-04-25 12:00:23:023 [31merror[39m: [31mRedis Client Error:[39m
2025-04-25 12:00:24:024 [33mwarn[39m: [33mRedis Client Reconnecting...[39m
2025-04-25 12:00:24:024 [31merror[39m: [31mRedis Client Error:[39m
2025-04-25 12:00:25:025 [33mwarn[39m: [33mRedis Client Reconnecting...[39m
2025-04-25 12:00:25:025 [31merror[39m: [31mRedis Client Error:[39m
2025-04-25 12:00:26:026 [33mwarn[39m: [33mRedis Client Reconnecting...[39m
2025-04-25 12:00:26:026 [31merror[39m: [31mRedis Client Error:[39m
2025-04-25 12:00:27:027 [33mwarn[39m: [33mRedis Client Reconnecting...[39m
2025-04-25 12:00:27:027 [31merror[39m: [31mRedis Client Error:[39m
2025-04-25 12:00:28:028 [33mwarn[39m: [33mRedis Client Reconnecting...[39m
2025-04-25 12:00:28:028 [31merror[39m: [31mRedis: Máximo número de intentos de reconexión alcanzado[39m
2025-04-25 12:00:28:028 [31merror[39m: [31mRedis Client Error:[39m
2025-04-25 12:00:28:028 [31merror[39m: [31mRedis Connection Error: Máximo número de intentos de reconexión alcanzado[39m
2025-04-25 12:00:28:028 [31merror[39m: [31mError inicial conectando a Redis: Máximo número de intentos de reconexión alcanzado[39m
2025-04-25 12:01:15:115 [31merror[39m: [31mRedis Client Error:[39m
2025-04-25 12:01:15:115 [33mwarn[39m: [33mRedis Client Reconnecting...[39m
2025-04-25 12:01:15:115 [31merror[39m: [31mRedis Client Error:[39m
2025-04-25 12:01:15:115 [33mwarn[39m: [33mRedis Client Reconnecting...[39m
2025-04-25 12:01:15:115 [31merror[39m: [31mRedis Client Error:[39m
2025-04-25 12:01:16:116 [31merror[39m: [31mRedis Client Error:[39m
2025-04-25 12:01:16:116 [33mwarn[39m: [33mRedis Client Reconnecting...[39m
2025-04-25 12:01:16:116 [31merror[39m: [31mRedis Client Error:[39m
2025-04-25 12:01:16:116 [33mwarn[39m: [33mRedis Client Reconnecting...[39m
2025-04-25 12:01:16:116 [31merror[39m: [31mRedis Client Error:[39m
2025-04-25 12:01:17:117 [33mwarn[39m: [33mRedis Client Reconnecting...[39m
2025-04-25 12:01:17:117 [31merror[39m: [31mRedis Client Error:[39m
2025-04-25 12:01:17:117 [33mwarn[39m: [33mRedis Client Reconnecting...[39m
2025-04-25 12:01:17:117 [31merror[39m: [31mRedis Client Error:[39m
2025-04-25 12:01:17:117 [33mwarn[39m: [33mRedis Client Reconnecting...[39m
2025-04-25 12:01:17:117 [31merror[39m: [31mRedis Client Error:[39m
2025-04-25 12:01:18:118 [33mwarn[39m: [33mRedis Client Reconnecting...[39m
2025-04-25 12:01:18:118 [31merror[39m: [31mRedis Client Error:[39m
2025-04-25 12:01:19:119 [33mwarn[39m: [33mRedis Client Reconnecting...[39m
2025-04-25 12:01:19:119 [31merror[39m: [31mRedis Client Error:[39m
2025-04-25 12:01:19:119 [33mwarn[39m: [33mRedis Client Reconnecting...[39m
2025-04-25 12:01:19:119 [31merror[39m: [31mRedis Client Error:[39m
2025-04-25 12:01:20:120 [33mwarn[39m: [33mRedis Client Reconnecting...[39m
2025-04-25 12:01:20:120 [31merror[39m: [31mRedis Client Error:[39m
2025-04-25 12:01:21:121 [33mwarn[39m: [33mRedis Client Reconnecting...[39m
2025-04-25 12:01:21:121 [31merror[39m: [31mRedis Client Error:[39m
2025-04-25 12:01:22:122 [33mwarn[39m: [33mRedis Client Reconnecting...[39m
2025-04-25 12:01:22:122 [31merror[39m: [31mRedis: Máximo número de intentos de reconexión alcanzado[39m
2025-04-25 12:01:22:122 [31merror[39m: [31mRedis Client Error:[39m
2025-04-25 12:01:22:122 [31merror[39m: [31mRedis Connection Error: Máximo número de intentos de reconexión alcanzado[39m
2025-04-25 12:01:22:122 [31merror[39m: [31mError inicial conectando a Redis: Máximo número de intentos de reconexión alcanzado[39m
2025-04-25 12:01:30:130 [31merror[39m: [31mRedis Client Error:[39m
2025-04-25 12:01:30:130 [33mwarn[39m: [33mRedis Client Reconnecting...[39m
2025-04-25 12:01:30:130 [31merror[39m: [31mRedis Client Error:[39m
2025-04-25 12:01:30:130 [33mwarn[39m: [33mRedis Client Reconnecting...[39m
2025-04-25 12:01:30:130 [31merror[39m: [31mRedis Client Error:[39m
2025-04-25 12:01:30:130 [33mwarn[39m: [33mRedis Client Reconnecting...[39m
2025-04-25 12:01:30:130 [31merror[39m: [31mRedis Client Error:[39m
2025-04-25 12:01:30:130 [33mwarn[39m: [33mRedis Client Reconnecting...[39m
2025-04-25 12:01:30:130 [31merror[39m: [31mRedis Client Error:[39m
2025-04-25 12:01:31:131 [33mwarn[39m: [33mRedis Client Reconnecting...[39m
2025-04-25 12:01:31:131 [31merror[39m: [31mRedis Client Error:[39m
2025-04-25 12:01:31:131 [33mwarn[39m: [33mRedis Client Reconnecting...[39m
2025-04-25 12:01:31:131 [31merror[39m: [31mRedis Client Error:[39m
2025-04-25 12:01:32:132 [33mwarn[39m: [33mRedis Client Reconnecting...[39m
2025-04-25 12:01:32:132 [31merror[39m: [31mRedis Client Error:[39m
2025-04-25 12:01:32:132 [33mwarn[39m: [33mRedis Client Reconnecting...[39m
2025-04-25 12:01:32:132 [31merror[39m: [31mRedis Client Error:[39m
2025-04-25 12:01:33:133 [33mwarn[39m: [33mRedis Client Reconnecting...[39m
2025-04-25 12:01:33:133 [31merror[39m: [31mRedis Client Error:[39m
2025-04-25 12:01:34:134 [33mwarn[39m: [33mRedis Client Reconnecting...[39m
2025-04-25 12:01:34:134 [31merror[39m: [31mRedis Client Error:[39m
2025-04-25 12:01:35:135 [33mwarn[39m: [33mRedis Client Reconnecting...[39m
2025-04-25 12:01:35:135 [31merror[39m: [31mRedis: Máximo número de intentos de reconexión alcanzado[39m
2025-04-25 12:01:35:135 [31merror[39m: [31mRedis Client Error:[39m
2025-04-25 12:01:35:135 [31merror[39m: [31mRedis Connection Error: Máximo número de intentos de reconexión alcanzado[39m
2025-04-25 12:01:35:135 [31merror[39m: [31mError inicial conectando a Redis: Máximo número de intentos de reconexión alcanzado[39m
2025-04-25 12:10:05:105 [31merror[39m: [31mError obteniendo intentos de login: Cannot read properties of undefined (reading 'findUnique')[39m
2025-04-25 12:10:05:105 [32minfo[39m: [32mIntento fallido 1/5 para undefined[39m
2025-04-25 12:10:36:1036 [31merror[39m: [31mError obteniendo intentos de login: Cannot read properties of undefined (reading 'findUnique')[39m
2025-04-25 12:10:36:1036 [32minfo[39m: [32mIntento fallido 2/5 para undefined[39m
2025-04-25 12:11:03:113 [31merror[39m: [31mError obteniendo intentos de login: Cannot read properties of undefined (reading 'findUnique')[39m
2025-04-25 12:11:03:113 [32minfo[39m: [32mLogin exitoso: intentos reseteados para undefined[39m
2025-04-25 12:11:03:113 [32minfo[39m: [32mLogin exitoso: esanteliz1@turistik.com[39m
2025-04-25 12:12:50:1250 [31merror[39m: [31mError obteniendo intentos de login: Cannot read properties of undefined (reading 'findUnique')[39m
2025-04-25 12:12:50:1250 [32minfo[39m: [32mIntento fallido 1/5 para undefined[39m
2025-04-25 12:58:14:5814 [32minfo[39m: [32mIntento fallido 1/5 para undefined[39m
2025-04-25 12:58:21:5821 [32minfo[39m: [32mLogin exitoso: intentos reseteados para undefined[39m
2025-04-25 12:58:21:5821 [32minfo[39m: [32mLogin exitoso: esanteliz1@turistik.com[39m
2025-04-25 13:01:23:123 [32minfo[39m: [32mLogin exitoso: intentos reseteados para undefined[39m
2025-04-25 13:01:23:123 [32minfo[39m: [32mLogin exitoso: esanteliz1@turistik.com[39m
2025-04-25 13:01:41:141 [32minfo[39m: [32mIntento fallido 1/5 para undefined[39m
2025-04-25 13:02:01:21 [32minfo[39m: [32mLogin exitoso: intentos reseteados para undefined[39m
2025-04-25 13:02:01:21 [32minfo[39m: [32mLogin exitoso: esanteliz1@turistik.com[39m
2025-04-25 15:56:36:5636 [32minfo[39m: [32mIntento fallido 1/5 para undefined[39m
2025-04-25 15:59:34:5934 [32minfo[39m: [32mUsuario registrado: esanteliz@turistik.com[39m
2025-04-25 16:00:32:032 [32minfo[39m: [32mIntento fallido 2/5 para undefined[39m
2025-04-25 16:00:46:046 [32minfo[39m: [32mLogin exitoso: intentos reseteados para undefined[39m
2025-04-25 16:00:46:046 [32minfo[39m: [32mLogin exitoso: esanteliz@turistik.com[39m
